This is pdfTeX, Version 3.141592653-2.6-1.40.29 (TeX Live 2026) (preloaded format=pdflatex 2026.7.19)  22 JUL 2026 14:17
entering extended mode
 restricted \write18 enabled.
 %&-line parsing enabled.
**latentrisk_vlm.tex
(./latentrisk_vlm.tex
LaTeX2e <2026-06-01>
L3 programming layer <2026-06-18>

(/public_hw/home/cit_chaomengchen/texlive/2026/texmf-dist/tex/latex/base/articl
e.cls
Document Class: article 2025/01/22 v1.4n Standard LaTeX document class

(/public_hw/home/cit_chaomengchen/texlive/2026/texmf-dist/tex/latex/base/size10
.clo
File: size10.clo 2025/01/22 v1.4n Standard LaTeX file (size option)
)
\c@part=\count276
\c@section=\count277
\c@subsection=\count278
\c@subsubsection=\count279
\c@paragraph=\count280
\c@subparagraph=\count281
\c@figure=\count282
\c@table=\count283
\abovecaptionskip=\skip49
\belowcaptionskip=\skip50
\bibindent=\dimen150
) (./aaai2027.sty
Package: aaai2027 2027/05/04 AAAI 2027 Submission format

Conference Style for AAAI for LaTeX 2e

(/public_hw/home/cit_chaomengchen/texlive/2026/texmf-dist/tex/generic/iftex/ift
ex.sty
Package: iftex 2024/12/12 v1.0g TeX engine tests
)
(/public_hw/home/cit_chaomengchen/texlive/2026/texmf-dist/tex/latex/base/fonten
c.sty
Package: fontenc 2025/07/18 v2.1d Standard LaTeX package
)
(/public_hw/home/cit_chaomengchen/texlive/2026/texmf-dist/tex/latex/newtx/newtx
text.sty
Package: newtxtext 2024/04/01 v1.744(Michael Sharpe) latex and unicode latex su
pport for TeXGyreTermesX

`newtxtext' v1.744, 2024/04/01 Text macros taking advantage of TeXGyre Termes a
nd its extensions (msharpe)
(/public_hw/home/cit_chaomengchen/texlive/2026/texmf-dist/tex/latex/xpatch/xpat
ch.sty
(/public_hw/home/cit_chaomengchen/texlive/2026/texmf-dist/tex/latex/l3kernel/ex
pl3.sty
Package: expl3 2026-06-18 L3 programming layer (loader) 

(/public_hw/home/cit_chaomengchen/texlive/2026/texmf-dist/tex/latex/l3backend/l
3backend-pdftex.def
File: l3backend-pdftex.def 2026-02-18 L3 backend support: PDF output (pdfTeX)
\l__color_backend_stack_int=\count284
))
Package: xpatch 2020/03/25 v0.3a Extending etoolbox patching commands

(/public_hw/home/cit_chaomengchen/texlive/2026/texmf-dist/tex/latex/l3packages/
xparse/xparse.sty
Package: xparse 2025-10-09 L3 Experimental document command parser
)
(/public_hw/home/cit_chaomengchen/texlive/2026/texmf-dist/tex/latex/etoolbox/et
oolbox.sty
Package: etoolbox 2025/10/02 v2.5m e-TeX tools for LaTeX (JAW)
\etb@tempcnta=\count285
))
(/public_hw/home/cit_chaomengchen/texlive/2026/texmf-dist/tex/latex/xcolor/xcol
or.sty
Package: xcolor 2024/09/29 v3.02 LaTeX color extensions (UK)

(/public_hw/home/cit_chaomengchen/texlive/2026/texmf-dist/tex/latex/graphics-cf
g/color.cfg
File: color.cfg 2016/01/02 v1.6 sample color configuration
)
Package xcolor Info: Driver file: pdftex.def on input line 274.

(/public_hw/home/cit_chaomengchen/texlive/2026/texmf-dist/tex/latex/graphics-de
f/pdftex.def
File: pdftex.def 2025/09/29 v1.2d Graphics/color driver for pdftex
)
(/public_hw/home/cit_chaomengchen/texlive/2026/texmf-dist/tex/latex/graphics/ma
thcolor.ltx)
Package xcolor Info: Model `cmy' substituted by `cmy0' on input line 1349.
Package xcolor Info: Model `hsb' substituted by `rgb' on input line 1353.
Package xcolor Info: Model `RGB' extended on input line 1365.
Package xcolor Info: Model `HTML' substituted by `rgb' on input line 1367.
Package xcolor Info: Model `Hsb' substituted by `hsb' on input line 1368.
Package xcolor Info: Model `tHsb' substituted by `hsb' on input line 1369.
Package xcolor Info: Model `HSB' substituted by `hsb' on input line 1370.
Package xcolor Info: Model `Gray' substituted by `gray' on input line 1371.
Package xcolor Info: Model `wave' substituted by `hsb' on input line 1372.
)
(/public_hw/home/cit_chaomengchen/texlive/2026/texmf-dist/tex/latex/xkeyval/xke
yval.sty
Package: xkeyval 2025/11/04 v2.10 package option processing (HA)

(/public_hw/home/cit_chaomengchen/texlive/2026/texmf-dist/tex/generic/xkeyval/x
keyval.tex
(/public_hw/home/cit_chaomengchen/texlive/2026/texmf-dist/tex/generic/xkeyval/x
kvutils.tex
\XKV@toks=\toks17
\XKV@tempa@toks=\toks18
\XKV@tempb@toks=\toks19

(/public_hw/home/cit_chaomengchen/texlive/2026/texmf-dist/tex/generic/xkeyval/k
eyval.tex))
\XKV@depth=\count286
File: xkeyval.tex 2014/12/03 v2.7a key=value parser (HA)
))
(/public_hw/home/cit_chaomengchen/texlive/2026/texmf-dist/tex/latex/base/textco
mp.sty
Package: textcomp 2024/04/24 v2.1b Standard LaTeX package
)
(/public_hw/home/cit_chaomengchen/texlive/2026/texmf-dist/tex/generic/xstring/x
string.sty
(/public_hw/home/cit_chaomengchen/texlive/2026/texmf-dist/tex/generic/xstring/x
string.tex
\xs_counta=\count287
\xs_countb=\count288
)
Package: xstring 2023/08/22 v1.86 String manipulations (CT)
)
(/public_hw/home/cit_chaomengchen/texlive/2026/texmf-dist/tex/latex/base/ifthen
.sty
Package: ifthen 2024/03/16 v1.1e Standard LaTeX ifthen package (DPC)
)
(/public_hw/home/cit_chaomengchen/texlive/2026/texmf-dist/tex/latex/carlisle/sc
alefnt.sty)
LaTeX Font Info:    Setting ntxLF sub-encoding to TS1/0 on input line 24.
LaTeX Font Info:    Setting ntxTLF sub-encoding to TS1/0 on input line 24.
LaTeX Font Info:    Setting ntxOsF sub-encoding to TS1/0 on input line 24.
LaTeX Font Info:    Setting ntxTOsF sub-encoding to TS1/0 on input line 24.

(/public_hw/home/cit_chaomengchen/texlive/2026/texmf-dist/tex/generic/kastrup/b
inhex.tex)
\ntx@tmpcnta=\count289
\ntx@cnt=\count290

(/public_hw/home/cit_chaomengchen/texlive/2026/texmf-dist/tex/latex/fontaxes/fo
ntaxes.sty
Package: fontaxes 2026-01-02 v2.0.2 Font selection axes (deprecated)
Applying: [2024-11-01] Use figureversions if present on input line 74.

(/public_hw/home/cit_chaomengchen/texlive/2026/texmf-dist/tex/latex/figureversi
ons/figureversions.sty
Package: figureversions 2025-04-29 v1.0.1 Figure versions
)
Already applied: [0000-00-00] Fall back to v1 on input line 76.
)
\tx@sixem=\dimen151
\tx@y=\dimen152
\tx@x=\dimen153
\tx@tmpdima=\dimen154
\tx@tmpdimb=\dimen155
\tx@tmpdimc=\dimen156
\tx@tmpdimd=\dimen157
\tx@tmpdime=\dimen158
\tx@tmpdimf=\dimen159
\tx@dimA=\dimen160
\tx@dimAA=\dimen161
\tx@dimB=\dimen162
\tx@dimBB=\dimen163
\tx@dimC=\dimen164
LaTeX Info: Redefining \oldstylenums on input line 902.
)
(/public_hw/home/cit_chaomengchen/texlive/2026/texmf-dist/tex/latex/psnfss/helv
et.sty
Package: helvet 2020/03/25 PSNFSS-v9.3 (WaS) 
)
(/public_hw/home/cit_chaomengchen/texlive/2026/texmf-dist/tex/latex/psnfss/cour
ier.sty
Package: courier 2020/03/25 PSNFSS-v9.3 (WaS) 
)
(/public_hw/home/cit_chaomengchen/texlive/2026/texmf-dist/tex/latex/placeins/pl
aceins.sty
Package: placeins 2005/04/18  v 2.2
)
\titlebox=\skip51
\aaai@thanksins=\insert252
\aaai@copyrightins=\insert251
)
(/public_hw/home/cit_chaomengchen/texlive/2026/texmf-dist/tex/latex/url/url.sty
\Urlmuskip=\muskip17
Package: url 2013/09/16  ver 3.4  Verb mode for urls, etc.
)
(/public_hw/home/cit_chaomengchen/texlive/2026/texmf-dist/tex/latex/graphics/gr
aphicx.sty
Package: graphicx 2026-05-17 v1.2e Enhanced LaTeX Graphics (DPC,SPQR)

(/public_hw/home/cit_chaomengchen/texlive/2026/texmf-dist/tex/latex/graphics/gr
aphics.sty
Package: graphics 2026-05-17 v1.4h Standard LaTeX Graphics (DPC,SPQR)

(/public_hw/home/cit_chaomengchen/texlive/2026/texmf-dist/tex/latex/graphics/tr
ig.sty
Package: trig 2023/12/02 v1.11 sin cos tan (DPC)
)
(/public_hw/home/cit_chaomengchen/texlive/2026/texmf-dist/tex/latex/graphics-cf
g/graphics.cfg
File: graphics.cfg 2016/06/04 v1.11 sample graphics configuration
)
Package graphics Info: Driver file: pdftex.def on input line 106.
)
\Gin@req@height=\dimen165
\Gin@req@width=\dimen166
)
(/public_hw/home/cit_chaomengchen/texlive/2026/texmf-dist/tex/latex/natbib/natb
ib.sty
Package: natbib 2010/09/13 8.31b (PWD, AO)
\bibhang=\skip52
\bibsep=\skip53
LaTeX Info: Redefining \cite on input line 694.
\c@NAT@ctr=\count291
)
(/public_hw/home/cit_chaomengchen/texlive/2026/texmf-dist/tex/latex/caption/cap
tion.sty
Package: caption 2023/08/05 v3.6o Customizing captions (AR)

(/public_hw/home/cit_chaomengchen/texlive/2026/texmf-dist/tex/latex/caption/cap
tion3.sty
Package: caption3 2023/07/31 v2.4d caption3 kernel (AR)
\caption@tempdima=\dimen167
\captionmargin=\dimen168
\caption@leftmargin=\dimen169
\caption@rightmargin=\dimen170
\caption@width=\dimen171
\caption@indent=\dimen172
\caption@parindent=\dimen173
\caption@hangindent=\dimen174
Package caption Info: Standard document class detected.
)
\c@caption@flags=\count292
\c@continuedfloat=\count293
)
(/public_hw/home/cit_chaomengchen/texlive/2026/texmf-dist/tex/latex/booktabs/bo
oktabs.sty
Package: booktabs 2020/01/12 v1.61803398 Publication quality tables
\heavyrulewidth=\dimen175
\lightrulewidth=\dimen176
\cmidrulewidth=\dimen177
\belowrulesep=\dimen178
\belowbottomsep=\dimen179
\aboverulesep=\dimen180
\abovetopsep=\dimen181
\cmidrulesep=\dimen182
\cmidrulekern=\dimen183
\defaultaddspace=\dimen184
\@cmidla=\count294
\@cmidlb=\count295
\@aboverulesep=\dimen185
\@belowrulesep=\dimen186
\@thisruleclass=\count296
\@lastruleclass=\count297
\@thisrulewidth=\dimen187
)
(/public_hw/home/cit_chaomengchen/texlive/2026/texmf-dist/tex/latex/multirow/mu
ltirow.sty
Package: multirow 2024/11/12 v2.9 Span multiple rows of a table
\multirow@colwidth=\skip54
\multirow@cntb=\count298
\multirow@dima=\skip55
\bigstrutjot=\dimen188
)
(/public_hw/home/cit_chaomengchen/texlive/2026/texmf-dist/tex/latex/amsmath/ams
math.sty
Package: amsmath 2026/05/19 v2.18d AMS math features
\@mathmargin=\skip56

For additional information on amsmath, use the `?' option.

(/public_hw/home/cit_chaomengchen/texlive/2026/texmf-dist/tex/latex/amsmath/ams
text.sty
Package: amstext 2024/11/17 v2.01 AMS text

(/public_hw/home/cit_chaomengchen/texlive/2026/texmf-dist/tex/latex/amsmath/ams
gen.sty
File: amsgen.sty 1999/11/30 v2.0 generic functions
\@emptytoks=\toks20
\ex@=\dimen189
))
(/public_hw/home/cit_chaomengchen/texlive/2026/texmf-dist/tex/latex/amsmath/ams
bsy.sty
Package: amsbsy 1999/11/29 v1.2d Bold Symbols
\pmbraise@=\dimen190
)
(/public_hw/home/cit_chaomengchen/texlive/2026/texmf-dist/tex/latex/amsmath/ams
opn.sty
Package: amsopn 2022/04/08 v2.04 operator names
)
\inf@bad=\count299
LaTeX Info: Redefining \frac on input line 233.
\uproot@=\count300
\leftroot@=\count301
LaTeX Info: Redefining \overline on input line 398.
LaTeX Info: Redefining \colon on input line 409.
\classnum@=\count302
\DOTSCASE@=\count303
LaTeX Info: Redefining \ldots on input line 495.
LaTeX Info: Redefining \dots on input line 498.
LaTeX Info: Redefining \cdots on input line 619.
\Mathstrutbox@=\box53
\strutbox@=\box54
LaTeX Info: Redefining \big on input line 721.
LaTeX Info: Redefining \Big on input line 722.
LaTeX Info: Redefining \bigg on input line 723.
LaTeX Info: Redefining \Bigg on input line 724.
\big@size=\dimen191
LaTeX Font Info:    Redeclaring font encoding OML on input line 742.
LaTeX Font Info:    Redeclaring font encoding OMS on input line 743.
\macc@depth=\count304
LaTeX Info: Redefining \bmod on input line 904.
LaTeX Info: Redefining \pmod on input line 909.
LaTeX Info: Redefining \smash on input line 939.
LaTeX Info: Redefining \relbar on input line 969.
LaTeX Info: Redefining \Relbar on input line 970.
\c@MaxMatrixCols=\count305
\dotsspace@=\muskip18
\c@parentequation=\count306
\dspbrk@lvl=\count307
\tag@help=\toks21
\row@=\count308
\column@=\count309
\maxfields@=\count310
\andhelp@=\toks22
\eqnshift@=\dimen192
\alignsep@=\dimen193
\tagshift@=\dimen194
\tagwidth@=\dimen195
\totwidth@=\dimen196
\lineht@=\dimen197
\@envbody=\toks23
\multlinegap=\skip57
\multlinetaggap=\skip58
\mathdisplay@stack=\toks24
LaTeX Info: Redefining \[ on input line 2965.
LaTeX Info: Redefining \] on input line 2966.
)
(/public_hw/home/cit_chaomengchen/texlive/2026/texmf-dist/tex/latex/amsfonts/am
ssymb.sty
Package: amssymb 2013/01/14 v3.01 AMS font symbols

(/public_hw/home/cit_chaomengchen/texlive/2026/texmf-dist/tex/latex/amsfonts/am
sfonts.sty
Package: amsfonts 2013/01/14 v3.01 Basic AMSFonts support
\symAMSa=\mathgroup4
\symAMSb=\mathgroup5
LaTeX Font Info:    Redeclaring math symbol \hbar on input line 98.
LaTeX Font Info:    Overwriting math alphabet `\mathfrak' in version `bold'
(Font)                  U/euf/m/n --> U/euf/b/n on input line 106.
))
(/public_hw/home/cit_chaomengchen/texlive/2026/texmf-dist/tex/latex/pgf/fronten
dlayer/tikz.sty
(/public_hw/home/cit_chaomengchen/texlive/2026/texmf-dist/tex/latex/pgf/basicla
yer/pgf.sty
(/public_hw/home/cit_chaomengchen/texlive/2026/texmf-dist/tex/latex/pgf/utiliti
es/pgfrcs.sty
(/public_hw/home/cit_chaomengchen/texlive/2026/texmf-dist/tex/generic/pgf/utili
ties/pgfutil-common.tex
\pgfutil@everybye=\toks25
\pgfutil@tempdima=\dimen198
\pgfutil@tempdimb=\dimen199
)
(/public_hw/home/cit_chaomengchen/texlive/2026/texmf-dist/tex/generic/pgf/utili
ties/pgfutil-latex.def
\pgfutil@abb=\box55
)
(/public_hw/home/cit_chaomengchen/texlive/2026/texmf-dist/tex/generic/pgf/utili
ties/pgfrcs.code.tex
(/public_hw/home/cit_chaomengchen/texlive/2026/texmf-dist/tex/generic/pgf/pgf.r
evision.tex)
Package: pgfrcs 2025-08-29 v3.1.11a (3.1.11a)
))
Package: pgf 2025-08-29 v3.1.11a (3.1.11a)

(/public_hw/home/cit_chaomengchen/texlive/2026/texmf-dist/tex/latex/pgf/basicla
yer/pgfcore.sty
(/public_hw/home/cit_chaomengchen/texlive/2026/texmf-dist/tex/latex/pgf/systeml
ayer/pgfsys.sty
(/public_hw/home/cit_chaomengchen/texlive/2026/texmf-dist/tex/generic/pgf/syste
mlayer/pgfsys.code.tex
Package: pgfsys 2025-08-29 v3.1.11a (3.1.11a)

(/public_hw/home/cit_chaomengchen/texlive/2026/texmf-dist/tex/generic/pgf/utili
ties/pgfkeys.code.tex
\pgfkeys@pathtoks=\toks26
\pgfkeys@temptoks=\toks27

(/public_hw/home/cit_chaomengchen/texlive/2026/texmf-dist/tex/generic/pgf/utili
ties/pgfkeyslibraryfiltered.code.tex
\pgfkeys@tmptoks=\toks28
))
\pgf@x=\dimen256
\pgf@y=\dimen257
\pgf@xa=\dimen258
\pgf@ya=\dimen259
\pgf@xb=\dimen260
\pgf@yb=\dimen261
\pgf@xc=\dimen262
\pgf@yc=\dimen263
\pgf@xd=\dimen264
\pgf@yd=\dimen265
\w@pgf@writea=\write3
\r@pgf@reada=\read2
\c@pgf@counta=\count311
\c@pgf@countb=\count312
\c@pgf@countc=\count313
\c@pgf@countd=\count314
\t@pgf@toka=\toks29
\t@pgf@tokb=\toks30
\t@pgf@tokc=\toks31
\pgf@sys@id@count=\count315

(/public_hw/home/cit_chaomengchen/texlive/2026/texmf-dist/tex/generic/pgf/syste
mlayer/pgf.cfg
File: pgf.cfg 2025-08-29 v3.1.11a (3.1.11a)
)
Driver file for pgf: pgfsys-pdftex.def

(/public_hw/home/cit_chaomengchen/texlive/2026/texmf-dist/tex/generic/pgf/syste
mlayer/pgfsys-pdftex.def
File: pgfsys-pdftex.def 2025-08-29 v3.1.11a (3.1.11a)

(/public_hw/home/cit_chaomengchen/texlive/2026/texmf-dist/tex/generic/pgf/syste
mlayer/pgfsys-common-pdf.def
File: pgfsys-common-pdf.def 2025-08-29 v3.1.11a (3.1.11a)
)))
(/public_hw/home/cit_chaomengchen/texlive/2026/texmf-dist/tex/generic/pgf/syste
mlayer/pgfsyssoftpath.code.tex
File: pgfsyssoftpath.code.tex 2025-08-29 v3.1.11a (3.1.11a)
\pgfsyssoftpath@smallbuffer@items=\count316
\pgfsyssoftpath@bigbuffer@items=\count317
)
(/public_hw/home/cit_chaomengchen/texlive/2026/texmf-dist/tex/generic/pgf/syste
mlayer/pgfsysprotocol.code.tex
File: pgfsysprotocol.code.tex 2025-08-29 v3.1.11a (3.1.11a)
))
(/public_hw/home/cit_chaomengchen/texlive/2026/texmf-dist/tex/generic/pgf/basic
layer/pgfcore.code.tex
Package: pgfcore 2025-08-29 v3.1.11a (3.1.11a)

(/public_hw/home/cit_chaomengchen/texlive/2026/texmf-dist/tex/generic/pgf/math/
pgfmath.code.tex
(/public_hw/home/cit_chaomengchen/texlive/2026/texmf-dist/tex/generic/pgf/math/
pgfmathutil.code.tex)
(/public_hw/home/cit_chaomengchen/texlive/2026/texmf-dist/tex/generic/pgf/math/
pgfmathparser.code.tex
\pgfmath@dimen=\dimen266
\pgfmath@count=\count318
\pgfmath@box=\box56
\pgfmath@toks=\toks32
\pgfmath@stack@operand=\toks33
\pgfmath@stack@operation=\toks34
)
(/public_hw/home/cit_chaomengchen/texlive/2026/texmf-dist/tex/generic/pgf/math/
pgfmathfunctions.code.tex)
(/public_hw/home/cit_chaomengchen/texlive/2026/texmf-dist/tex/generic/pgf/math/
pgfmathfunctions.basic.code.tex)
(/public_hw/home/cit_chaomengchen/texlive/2026/texmf-dist/tex/generic/pgf/math/
pgfmathfunctions.trigonometric.code.tex)
(/public_hw/home/cit_chaomengchen/texlive/2026/texmf-dist/tex/generic/pgf/math/
pgfmathfunctions.random.code.tex)
(/public_hw/home/cit_chaomengchen/texlive/2026/texmf-dist/tex/generic/pgf/math/
pgfmathfunctions.comparison.code.tex)
(/public_hw/home/cit_chaomengchen/texlive/2026/texmf-dist/tex/generic/pgf/math/
pgfmathfunctions.base.code.tex)
(/public_hw/home/cit_chaomengchen/texlive/2026/texmf-dist/tex/generic/pgf/math/
pgfmathfunctions.round.code.tex)
(/public_hw/home/cit_chaomengchen/texlive/2026/texmf-dist/tex/generic/pgf/math/
pgfmathfunctions.misc.code.tex)
(/public_hw/home/cit_chaomengchen/texlive/2026/texmf-dist/tex/generic/pgf/math/
pgfmathfunctions.integerarithmetics.code.tex)
(/public_hw/home/cit_chaomengchen/texlive/2026/texmf-dist/tex/generic/pgf/math/
pgfmathcalc.code.tex)
(/public_hw/home/cit_chaomengchen/texlive/2026/texmf-dist/tex/generic/pgf/math/
pgfmathfloat.code.tex
\c@pgfmathroundto@lastzeros=\count319
))
(/public_hw/home/cit_chaomengchen/texlive/2026/texmf-dist/tex/generic/pgf/math/
pgfint.code.tex)
(/public_hw/home/cit_chaomengchen/texlive/2026/texmf-dist/tex/generic/pgf/basic
layer/pgfcorepoints.code.tex
File: pgfcorepoints.code.tex 2025-08-29 v3.1.11a (3.1.11a)
\pgf@picminx=\dimen267
\pgf@picmaxx=\dimen268
\pgf@picminy=\dimen269
\pgf@picmaxy=\dimen270
\pgf@pathminx=\dimen271
\pgf@pathmaxx=\dimen272
\pgf@pathminy=\dimen273
\pgf@pathmaxy=\dimen274
\pgf@xx=\dimen275
\pgf@xy=\dimen276
\pgf@yx=\dimen277
\pgf@yy=\dimen278
\pgf@zx=\dimen279
\pgf@zy=\dimen280
)
(/public_hw/home/cit_chaomengchen/texlive/2026/texmf-dist/tex/generic/pgf/basic
layer/pgfcorepathconstruct.code.tex
File: pgfcorepathconstruct.code.tex 2025-08-29 v3.1.11a (3.1.11a)
\pgf@path@lastx=\dimen281
\pgf@path@lasty=\dimen282
)
(/public_hw/home/cit_chaomengchen/texlive/2026/texmf-dist/tex/generic/pgf/basic
layer/pgfcorepathusage.code.tex
File: pgfcorepathusage.code.tex 2025-08-29 v3.1.11a (3.1.11a)
\pgf@shorten@end@additional=\dimen283
\pgf@shorten@start@additional=\dimen284
)
(/public_hw/home/cit_chaomengchen/texlive/2026/texmf-dist/tex/generic/pgf/basic
layer/pgfcorescopes.code.tex
File: pgfcorescopes.code.tex 2025-08-29 v3.1.11a (3.1.11a)
\pgfpic=\box57
\pgf@hbox=\box58
\pgf@layerbox@main=\box59
\pgf@picture@serial@count=\count320
)
(/public_hw/home/cit_chaomengchen/texlive/2026/texmf-dist/tex/generic/pgf/basic
layer/pgfcoregraphicstate.code.tex
File: pgfcoregraphicstate.code.tex 2025-08-29 v3.1.11a (3.1.11a)
\pgflinewidth=\dimen285
)
(/public_hw/home/cit_chaomengchen/texlive/2026/texmf-dist/tex/generic/pgf/basic
layer/pgfcoretransformations.code.tex
File: pgfcoretransformations.code.tex 2025-08-29 v3.1.11a (3.1.11a)
\pgf@pt@x=\dimen286
\pgf@pt@y=\dimen287
\pgf@pt@temp=\dimen288
)
(/public_hw/home/cit_chaomengchen/texlive/2026/texmf-dist/tex/generic/pgf/basic
layer/pgfcorequick.code.tex
File: pgfcorequick.code.tex 2025-08-29 v3.1.11a (3.1.11a)
)
(/public_hw/home/cit_chaomengchen/texlive/2026/texmf-dist/tex/generic/pgf/basic
layer/pgfcoreobjects.code.tex
File: pgfcoreobjects.code.tex 2025-08-29 v3.1.11a (3.1.11a)
)
(/public_hw/home/cit_chaomengchen/texlive/2026/texmf-dist/tex/generic/pgf/basic
layer/pgfcorepathprocessing.code.tex
File: pgfcorepathprocessing.code.tex 2025-08-29 v3.1.11a (3.1.11a)
)
(/public_hw/home/cit_chaomengchen/texlive/2026/texmf-dist/tex/generic/pgf/basic
layer/pgfcorearrows.code.tex
File: pgfcorearrows.code.tex 2025-08-29 v3.1.11a (3.1.11a)
\pgfarrowsep=\dimen289
)
(/public_hw/home/cit_chaomengchen/texlive/2026/texmf-dist/tex/generic/pgf/basic
layer/pgfcoreshade.code.tex
File: pgfcoreshade.code.tex 2025-08-29 v3.1.11a (3.1.11a)
\pgf@max=\dimen290
\pgf@sys@shading@range@num=\count321
\pgf@shadingcount=\count322
)
(/public_hw/home/cit_chaomengchen/texlive/2026/texmf-dist/tex/generic/pgf/basic
layer/pgfcoreimage.code.tex
File: pgfcoreimage.code.tex 2025-08-29 v3.1.11a (3.1.11a)
)
(/public_hw/home/cit_chaomengchen/texlive/2026/texmf-dist/tex/generic/pgf/basic
layer/pgfcoreexternal.code.tex
File: pgfcoreexternal.code.tex 2025-08-29 v3.1.11a (3.1.11a)
\pgfexternal@startupbox=\box60
)
(/public_hw/home/cit_chaomengchen/texlive/2026/texmf-dist/tex/generic/pgf/basic
layer/pgfcorelayers.code.tex
File: pgfcorelayers.code.tex 2025-08-29 v3.1.11a (3.1.11a)
)
(/public_hw/home/cit_chaomengchen/texlive/2026/texmf-dist/tex/generic/pgf/basic
layer/pgfcoretransparency.code.tex
File: pgfcoretransparency.code.tex 2025-08-29 v3.1.11a (3.1.11a)
)
(/public_hw/home/cit_chaomengchen/texlive/2026/texmf-dist/tex/generic/pgf/basic
layer/pgfcorepatterns.code.tex
File: pgfcorepatterns.code.tex 2025-08-29 v3.1.11a (3.1.11a)
)
(/public_hw/home/cit_chaomengchen/texlive/2026/texmf-dist/tex/generic/pgf/basic
layer/pgfcorerdf.code.tex
File: pgfcorerdf.code.tex 2025-08-29 v3.1.11a (3.1.11a)
)))
(/public_hw/home/cit_chaomengchen/texlive/2026/texmf-dist/tex/generic/pgf/modul
es/pgfmoduleshapes.code.tex
File: pgfmoduleshapes.code.tex 2025-08-29 v3.1.11a (3.1.11a)
\pgfnodeparttextbox=\box61
)
(/public_hw/home/cit_chaomengchen/texlive/2026/texmf-dist/tex/generic/pgf/modul
es/pgfmoduleplot.code.tex
File: pgfmoduleplot.code.tex 2025-08-29 v3.1.11a (3.1.11a)
)
(/public_hw/home/cit_chaomengchen/texlive/2026/texmf-dist/tex/latex/pgf/compati
bility/pgfcomp-version-0-65.sty
Package: pgfcomp-version-0-65 2025-08-29 v3.1.11a (3.1.11a)
\pgf@nodesepstart=\dimen291
\pgf@nodesepend=\dimen292
)
(/public_hw/home/cit_chaomengchen/texlive/2026/texmf-dist/tex/latex/pgf/compati
bility/pgfcomp-version-1-18.sty
Package: pgfcomp-version-1-18 2025-08-29 v3.1.11a (3.1.11a)
))
(/public_hw/home/cit_chaomengchen/texlive/2026/texmf-dist/tex/latex/pgf/utiliti
es/pgffor.sty
(/public_hw/home/cit_chaomengchen/texlive/2026/texmf-dist/tex/latex/pgf/utiliti
es/pgfkeys.sty
(/public_hw/home/cit_chaomengchen/texlive/2026/texmf-dist/tex/generic/pgf/utili
ties/pgfkeys.code.tex))
(/public_hw/home/cit_chaomengchen/texlive/2026/texmf-dist/tex/latex/pgf/math/pg
fmath.sty
(/public_hw/home/cit_chaomengchen/texlive/2026/texmf-dist/tex/generic/pgf/math/
pgfmath.code.tex))
(/public_hw/home/cit_chaomengchen/texlive/2026/texmf-dist/tex/generic/pgf/utili
ties/pgffor.code.tex
Package: pgffor 2025-08-29 v3.1.11a (3.1.11a)
\pgffor@iter=\dimen293
\pgffor@skip=\dimen294
\pgffor@stack=\toks35
\pgffor@toks=\toks36
))
(/public_hw/home/cit_chaomengchen/texlive/2026/texmf-dist/tex/generic/pgf/front
endlayer/tikz/tikz.code.tex
Package: tikz 2025-08-29 v3.1.11a (3.1.11a)

(/public_hw/home/cit_chaomengchen/texlive/2026/texmf-dist/tex/generic/pgf/libra
ries/pgflibraryplothandlers.code.tex
File: pgflibraryplothandlers.code.tex 2025-08-29 v3.1.11a (3.1.11a)
\pgf@plot@mark@count=\count323
\pgfplotmarksize=\dimen295
)
\tikz@lastx=\dimen296
\tikz@lasty=\dimen297
\tikz@lastxsaved=\dimen298
\tikz@lastysaved=\dimen299
\tikz@lastmovetox=\dimen300
\tikz@lastmovetoy=\dimen301
\tikzleveldistance=\dimen302
\tikzsiblingdistance=\dimen303
\tikz@figbox=\box62
\tikz@figbox@bg=\box63
\tikz@tempbox=\box64
\tikz@tempbox@bg=\box65
\tikztreelevel=\count324
\tikznumberofchildren=\count325
\tikznumberofcurrentchild=\count326
\tikz@fig@count=\count327

(/public_hw/home/cit_chaomengchen/texlive/2026/texmf-dist/tex/generic/pgf/modul
es/pgfmodulematrix.code.tex
File: pgfmodulematrix.code.tex 2025-08-29 v3.1.11a (3.1.11a)
\pgfmatrixcurrentrow=\count328
\pgfmatrixcurrentcolumn=\count329
\pgf@matrix@numberofcolumns=\count330
)
\tikz@expandcount=\count331

(/public_hw/home/cit_chaomengchen/texlive/2026/texmf-dist/tex/generic/pgf/front
endlayer/tikz/libraries/tikzlibrarytopaths.code.tex
File: tikzlibrarytopaths.code.tex 2025-08-29 v3.1.11a (3.1.11a)
)))
(/public_hw/home/cit_chaomengchen/texlive/2026/texmf-dist/tex/generic/pgf/libra
ries/pgflibraryarrows.meta.code.tex
File: pgflibraryarrows.meta.code.tex 2025-08-29 v3.1.11a (3.1.11a)
\pgfarrowinset=\dimen304
\pgfarrowlength=\dimen305
\pgfarrowwidth=\dimen306
\pgfarrowlinewidth=\dimen307
)
(/public_hw/home/cit_chaomengchen/texlive/2026/texmf-dist/tex/generic/pgf/front
endlayer/tikz/libraries/tikzlibrarypositioning.code.tex
File: tikzlibrarypositioning.code.tex 2025-08-29 v3.1.11a (3.1.11a)
)
LaTeX Font Info:    Trying to load font information for T1+ntxtlf on input line
 23.

(/public_hw/home/cit_chaomengchen/texlive/2026/texmf-dist/tex/latex/newtx/t1ntx
tlf.fd
File: t1ntxtlf.fd 2021/05/24 v1.1 font definition file for T1/ntx/tlf
)
LaTeX Font Info:    Font shape `T1/ntxtlf/m/n' will be
(Font)              scaled to size 10.0pt on input line 23.
 (./latentrisk_vlm.aux)
\openout1 = `latentrisk_vlm.aux'.

LaTeX Font Info:    Checking defaults for OML/cmm/m/it on input line 23.
LaTeX Font Info:    ... okay on input line 23.
LaTeX Font Info:    Checking defaults for OMS/cmsy/m/n on input line 23.
LaTeX Font Info:    ... okay on input line 23.
LaTeX Font Info:    Checking defaults for OT1/cmr/m/n on input line 23.
LaTeX Font Info:    ... okay on input line 23.
LaTeX Font Info:    Checking defaults for T1/cmr/m/n on input line 23.
LaTeX Font Info:    ... okay on input line 23.
LaTeX Font Info:    Checking defaults for TS1/cmr/m/n on input line 23.
LaTeX Font Info:    ... okay on input line 23.
LaTeX Font Info:    Checking defaults for OMX/cmex/m/n on input line 23.
LaTeX Font Info:    ... okay on input line 23.
LaTeX Font Info:    Checking defaults for U/cmr/m/n on input line 23.
LaTeX Font Info:    ... okay on input line 23.

(/public_hw/home/cit_chaomengchen/texlive/2026/texmf-dist/tex/context/base/mkii
/supp-pdf.mkii
[Loading MPS to PDF converter (version 2006.09.02).]
\scratchcounter=\count332
\scratchdimen=\dimen308
\scratchbox=\box66
\nofMPsegments=\count333
\nofMParguments=\count334
\everyMPshowfont=\toks37
\MPscratchCnt=\count335
\MPscratchDim=\dimen309
\MPnumerator=\count336
\makeMPintoPDFobject=\count337
\everyMPtoPDFconversion=\toks38
)
(/public_hw/home/cit_chaomengchen/texlive/2026/texmf-dist/tex/latex/epstopdf-pk
g/epstopdf-base.sty
Package: epstopdf-base 2020-01-24 v2.11 Base part for package epstopdf
Package epstopdf-base Info: Redefining graphics rule for `.eps' on input line 4
85.

(/public_hw/home/cit_chaomengchen/texlive/2026/texmf-dist/tex/latex/latexconfig
/epstopdf-sys.cfg
File: epstopdf-sys.cfg 2010/07/13 v1.3 Configuration of (r)epstopdf for TeX Liv
e
))
\c@mv@tabular=\count338
\c@mv@boldtabular=\count339
Package caption Info: Begin \AtBeginDocument code.
Package caption Info: End \AtBeginDocument code.
\c@aaai@eqfn=\count340
\c@aaai@corrfn=\count341
\titlearea=\box67
LaTeX Font Info:    Font shape `T1/ntxtlf/m/n' will be
(Font)              scaled to size 14.4pt on input line 24.
LaTeX Font Info:    Font shape `T1/ntxtlf/b/n' will be
(Font)              scaled to size 14.4pt on input line 24.
LaTeX Font Info:    Font shape `T1/ntxtlf/m/n' will be
(Font)              scaled to size 12.0pt on input line 24.
LaTeX Font Info:    Font shape `T1/ntxtlf/b/n' will be
(Font)              scaled to size 12.0pt on input line 24.
\actualheight=\skip59
LaTeX Font Info:    Font shape `T1/ntxtlf/m/n' will be
(Font)              scaled to size 9.0pt on input line 24.
LaTeX Font Info:    Font shape `T1/ntxtlf/b/n' will be
(Font)              scaled to size 10.0pt on input line 26.
LaTeX Font Info:    Font shape `T1/ntxtlf/m/sc' will be
(Font)              scaled to size 9.0pt on input line 27.
 (./sections/1_introduction.tex
LaTeX Font Info:    Font shape `T1/ntxtlf/m/it' will be
(Font)              scaled to size 10.0pt on input line 6.
LaTeX Font Info:    Font shape `T1/ntxtlf/m/sc' will be
(Font)              scaled to size 10.0pt on input line 10.
 [1{/public_hw/home/cit_chaomengchen/texlive/2026/texmf-var/fonts/map/pdftex/up
dmap/pdftex.map}{/public_hw/home/cit_chaomengchen/texlive/2026/texmf-dist/fonts
/enc/dvips/newtx/ntx-ec-tlf.enc}



{/public_hw/home/cit_chaomengchen/texlive/2026/texmf-dist/fonts/enc/dvips/newtx
/ntx-ec-tlf-pc.enc}]) (./sections/2_related_work.tex)
(./sections/3_latentrisk_vlm.tex
LaTeX Font Info:    Font shape `T1/ntxtlf/m/n' will be
(Font)              scaled to size 10.95pt on input line 2.
LaTeX Font Info:    Font shape `T1/ntxtlf/b/n' will be
(Font)              scaled to size 10.95pt on input line 2.
LaTeX Font Info:    Trying to load font information for U+msa on input line 3.

(/public_hw/home/cit_chaomengchen/texlive/2026/texmf-dist/tex/latex/amsfonts/um
sa.fd
File: umsa.fd 2013/01/14 v3.01 AMS symbols A
)
LaTeX Font Info:    Trying to load font information for U+msb on input line 3.

(/public_hw/home/cit_chaomengchen/texlive/2026/texmf-dist/tex/latex/amsfonts/um
sb.fd
File: umsb.fd 2013/01/14 v3.01 AMS symbols B
) [2]
<figures/picture.png, id=23, 1496.59125pt x 1058.95625pt>
File: figures/picture.png Graphic file (type png)
<use figures/picture.png>
Package pdftex.def Info: figures/picture.png  used on input line 48.
(pdftex.def)             Requested size: 505.89pt x 357.95593pt.
 [3] [4 <./figures/picture.png (PNG copy)>])
(./sections/4_experimental_protocol.tex [5]
LaTeX Font Info:    Trying to load font information for T1+pcr on input line 24
.

(/public_hw/home/cit_chaomengchen/texlive/2026/texmf-dist/tex/latex/psnfss/t1pc
r.fd
File: t1pcr.fd 2001/06/04 font definitions for T1/pcr.
)) (./sections/5_measured_results_and_analysis.tex
LaTeX Font Info:    Font shape `T1/ntxtlf/m/n' will be
(Font)              scaled to size 7.0pt on input line 7.
LaTeX Font Info:    Font shape `T1/ntxtlf/b/n' will be
(Font)              scaled to size 7.0pt on input line 38.
LaTeX Font Info:    Font shape `T1/ntxtlf/m/sc' will be
(Font)              scaled to size 7.0pt on input line 38.
<../figures/attribute_budget_wga.pdf, id=36, 448.07399pt x 260.17201pt>
File: ../figures/attribute_budget_wga.pdf Graphic file (type pdf)
<use ../figures/attribute_budget_wga.pdf>
Package pdftex.def Info: ../figures/attribute_budget_wga.pdf  used on input lin
e 48.
(pdftex.def)             Requested size: 239.39438pt x 139.00604pt.

(./tables/attribute_budget_wga_table.tex) [6{/public_hw/home/cit_chaomengchen/t
exlive/2026/texmf-dist/fonts/enc/dvips/base/8r.enc} <../figures/attribute_budge
t_wga.pdf>] (./tables/concept_erasure_table.tex) [7]
LaTeX Font Info:    Font shape `T1/ntxtlf/b/n' will be
(Font)              scaled to size 9.0pt on input line 117.
 [8])
(./sections/8_low_cost_extension.tex [9]
Underfull \vbox (badness 1377) has occurred while \output is active []


(./tables/adaptation_cost_compact_table.tex)
Underfull \hbox (badness 1152) in paragraph at lines 110--111
\T1/ntxtlf/m/n/10 The ex-ten-sion also il-lus-trates the cost pro-file of the
 []

[10]) (./sections/6_discussion_and_limitations.tex
Underfull \hbox (badness 4108) in paragraph at lines 15--16
 \T1/ntxtlf/b/n/10 Ex-per-i-men-tal lim-i-ta-tions. \T1/ntxtlf/m/n/10 The added
 SigLIP runs
 []


Underfull \hbox (badness 1383) in paragraph at lines 15--16
\T1/ntxtlf/m/n/10 broaden the back-bone ev-i-dence but do not es-tab-lish
 []

[11]) (./sections/7_conclusion.tex) (./latentrisk_vlm.bbl [12]) [13]
(./latentrisk_vlm.aux)
 ***********
LaTeX2e <2026-06-01>
L3 programming layer <2020/03/25>
 ***********
 ) 
Here is how much of TeX's memory you used:
 17712 strings out of 467168
 355423 string characters out of 5397830
 756650 words of memory out of 5000000
 46609 multiletter control sequences out of 15000+600000
 680326 words of font info for 79 fonts, out of 8000000 for 9000
 1141 hyphenation exceptions out of 8191
 89i,14n,117p,1898b,362s stack positions out of 10000i,1000n,20000p,200000b,200000s
</public_hw/home/cit_chaomengchen/texlive/2026/texmf-dist/fonts/type1/public/
amsfonts/cm/cmex10.pfb></public_hw/home/cit_chaomengchen/texlive/2026/texmf-dis
t/fonts/type1/public/amsfonts/cm/cmmi10.pfb></public_hw/home/cit_chaomengchen/t
exlive/2026/texmf-dist/fonts/type1/public/amsfonts/cm/cmmi5.pfb></public_hw/hom
e/cit_chaomengchen/texlive/2026/texmf-dist/fonts/type1/public/amsfonts/cm/cmmi7
.pfb></public_hw/home/cit_chaomengchen/texlive/2026/texmf-dist/fonts/type1/publ
ic/amsfonts/cm/cmmi9.pfb></public_hw/home/cit_chaomengchen/texlive/2026/texmf-d
ist/fonts/type1/public/amsfonts/cm/cmr10.pfb></public_hw/home/cit_chaomengchen/
texlive/2026/texmf-dist/fonts/type1/public/amsfonts/cm/cmr5.pfb></public_hw/hom
e/cit_chaomengchen/texlive/2026/texmf-dist/fonts/type1/public/amsfonts/cm/cmr7.
pfb></public_hw/home/cit_chaomengchen/texlive/2026/texmf-dist/fonts/type1/publi
c/amsfonts/cm/cmr9.pfb></public_hw/home/cit_chaomengchen/texlive/2026/texmf-dis
t/fonts/type1/public/amsfonts/cm/cmsy10.pfb></public_hw/home/cit_chaomengchen/t
exlive/2026/texmf-dist/fonts/type1/public/amsfonts/cm/cmsy7.pfb></public_hw/hom
e/cit_chaomengchen/texlive/2026/texmf-dist/fonts/type1/public/amsfonts/cm/cmsy9
.pfb></public_hw/home/cit_chaomengchen/texlive/2026/texmf-dist/fonts/type1/publ
ic/amsfonts/symbols/msbm10.pfb></public_hw/home/cit_chaomengchen/texlive/2026/t
exmf-dist/fonts/type1/urw/courier/ucrr8a.pfb></public_hw/home/cit_chaomengchen/
texlive/2026/texmf-dist/fonts/type1/public/newtx/ztmb.pfb></public_hw/home/cit_
chaomengchen/texlive/2026/texmf-dist/fonts/type1/public/newtx/ztmr.pfb></public
_hw/home/cit_chaomengchen/texlive/2026/texmf-dist/fonts/type1/public/newtx/ztmr
i.pfb>
Output written on latentrisk_vlm.pdf (13 pages, 1833503 bytes).
PDF statistics:
 201 PDF objects out of 1000 (max. 8388607)
 95 compressed objects within 1 object stream
 0 named destinations out of 1000 (max. 500000)
 23 words of extra memory for PDF output out of 10000 (max. 10000000)

